<?xml version="1.0" encoding="UTF-8"?>
<testng-results skipped="0" failed="1" ignored="0" total="4" passed="3">
  <reporter-output>
  </reporter-output>
  <suite name="Suite" duration-ms="45201" started-at="2019-08-30T05:49:06 EDT" finished-at="2019-08-30T05:49:51 EDT">
    <groups>
    </groups>
    <test name=" Validating NavigationBar" duration-ms="11875" started-at="2019-08-30T05:49:06 EDT" finished-at="2019-08-30T05:49:18 EDT">
      <class name="academy.validateNavigationBar">
        <test-method status="PASS" signature="initialize()[pri:0, instance:academy.validateNavigationBar@1f7ca37]" name="initialize" is-config="true" duration-ms="11517" started-at="2019-08-30T05:49:06 EDT" finished-at="2019-08-30T05:49:18 EDT">
          <reporter-output>
          </reporter-output>
        </test-method> <!-- initialize -->
        <test-method status="PASS" signature="validateAppNavBar()[pri:0, instance:academy.validateNavigationBar@1f7ca37]" name="validateAppNavBar" duration-ms="147" started-at="2019-08-30T05:49:18 EDT" finished-at="2019-08-30T05:49:18 EDT">
          <reporter-output>
          </reporter-output>
        </test-method> <!-- validateAppNavBar -->
        <test-method status="PASS" signature="teardown()[pri:0, instance:academy.validateNavigationBar@1f7ca37]" name="teardown" is-config="true" duration-ms="151" started-at="2019-08-30T05:49:18 EDT" finished-at="2019-08-30T05:49:18 EDT">
          <reporter-output>
          </reporter-output>
        </test-method> <!-- teardown -->
      </class> <!-- academy.validateNavigationBar -->
    </test> <!--  Validating NavigationBar -->
    <test name="Validating HomePage" duration-ms="22881" started-at="2019-08-30T05:49:18 EDT" finished-at="2019-08-30T05:49:41 EDT">
      <class name="academy.HomePage">
        <test-method status="PASS" signature="initialize()[pri:0, instance:academy.HomePage@170f470]" name="initialize" is-config="true" duration-ms="2379" started-at="2019-08-30T05:49:18 EDT" finished-at="2019-08-30T05:49:21 EDT">
          <reporter-output>
          </reporter-output>
        </test-method> <!-- initialize -->
        <test-method status="PASS" signature="basePageNavigation(java.lang.String, java.lang.String, java.lang.String)[pri:0, instance:academy.HomePage@170f470]" name="basePageNavigation" duration-ms="14586" started-at="2019-08-30T05:49:21 EDT" data-provider="getData" finished-at="2019-08-30T05:49:35 EDT">
          <params>
            <param index="0">
              <value>
                <![CDATA[restricteduser@abc.com]]>
              </value>
            </param>
            <param index="1">
              <value>
                <![CDATA[Password123456]]>
              </value>
            </param>
            <param index="2">
              <value>
                <![CDATA[Restricted User]]>
              </value>
            </param>
          </params>
          <reporter-output>
          </reporter-output>
        </test-method> <!-- basePageNavigation -->
        <test-method status="PASS" signature="basePageNavigation(java.lang.String, java.lang.String, java.lang.String)[pri:0, instance:academy.HomePage@170f470]" name="basePageNavigation" duration-ms="5772" started-at="2019-08-30T05:49:35 EDT" data-provider="getData" finished-at="2019-08-30T05:49:41 EDT">
          <params>
            <param index="0">
              <value>
                <![CDATA[non-restricteduser@abc.com]]>
              </value>
            </param>
            <param index="1">
              <value>
                <![CDATA[Password123456]]>
              </value>
            </param>
            <param index="2">
              <value>
                <![CDATA[Non-Restricted User]]>
              </value>
            </param>
          </params>
          <reporter-output>
          </reporter-output>
        </test-method> <!-- basePageNavigation -->
        <test-method status="PASS" signature="teardown()[pri:0, instance:academy.HomePage@170f470]" name="teardown" is-config="true" duration-ms="122" started-at="2019-08-30T05:49:41 EDT" finished-at="2019-08-30T05:49:41 EDT">
          <reporter-output>
          </reporter-output>
        </test-method> <!-- teardown -->
      </class> <!-- academy.HomePage -->
    </test> <!-- Validating HomePage -->
    <test name="Validating Title" duration-ms="10303" started-at="2019-08-30T05:49:41 EDT" finished-at="2019-08-30T05:49:51 EDT">
      <class name="academy.validateTitle">
        <test-method status="PASS" signature="initialize()[pri:0, instance:academy.validateTitle@131ef10]" name="initialize" is-config="true" duration-ms="9377" started-at="2019-08-30T05:49:41 EDT" finished-at="2019-08-30T05:49:51 EDT">
          <reporter-output>
          </reporter-output>
        </test-method> <!-- initialize -->
        <test-method status="FAIL" signature="validateAppTitle()[pri:0, instance:academy.validateTitle@131ef10]" name="validateAppTitle" duration-ms="78" started-at="2019-08-30T05:49:51 EDT" finished-at="2019-08-30T05:49:51 EDT">
          <exception class="java.lang.AssertionError">
            <message>
              <![CDATA[expected [FEATURED COURSES123] but found [FEATURED COURSES]]]>
            </message>
            <full-stacktrace>
              <![CDATA[java.lang.AssertionError: expected [FEATURED COURSES123] but found [FEATURED COURSES]
at org.testng.Assert.fail(Assert.java:97)
at org.testng.Assert.assertEqualsImpl(Assert.java:136)
at org.testng.Assert.assertEquals(Assert.java:118)
at org.testng.Assert.assertEquals(Assert.java:575)
at org.testng.Assert.assertEquals(Assert.java:585)
at academy.validateTitle.validateAppTitle(validateTitle.java:35)
at sun.reflect.NativeMethodAccessorImpl.invoke0(Native Method)
at sun.reflect.NativeMethodAccessorImpl.invoke(Unknown Source)
at sun.reflect.DelegatingMethodAccessorImpl.invoke(Unknown Source)
at java.lang.reflect.Method.invoke(Unknown Source)
at org.testng.internal.MethodInvocationHelper.invokeMethod(MethodInvocationHelper.java:133)
at org.testng.internal.TestInvoker.invokeMethod(TestInvoker.java:584)
at org.testng.internal.TestInvoker.invokeTestMethod(TestInvoker.java:172)
at org.testng.internal.MethodRunner.runInSequence(MethodRunner.java:46)
at org.testng.internal.TestInvoker$MethodInvocationAgent.invoke(TestInvoker.java:804)
at org.testng.internal.TestInvoker.invokeTestMethods(TestInvoker.java:145)
at org.testng.internal.TestMethodWorker.invokeTestMethods(TestMethodWorker.java:146)
at org.testng.internal.TestMethodWorker.run(TestMethodWorker.java:128)
at java.util.ArrayList.forEach(Unknown Source)
at org.testng.TestRunner.privateRun(TestRunner.java:770)
at org.testng.TestRunner.run(TestRunner.java:591)
at org.testng.SuiteRunner.runTest(SuiteRunner.java:402)
at org.testng.SuiteRunner.runSequentially(SuiteRunner.java:396)
at org.testng.SuiteRunner.privateRun(SuiteRunner.java:355)
at org.testng.SuiteRunner.run(SuiteRunner.java:304)
at org.testng.SuiteRunnerWorker.runSuite(SuiteRunnerWorker.java:53)
at org.testng.SuiteRunnerWorker.run(SuiteRunnerWorker.java:96)
at org.testng.TestNG.runSuitesSequentially(TestNG.java:1180)
at org.testng.TestNG.runSuitesLocally(TestNG.java:1102)
at org.testng.TestNG.runSuites(TestNG.java:1032)
at org.testng.TestNG.run(TestNG.java:1000)
at org.testng.remote.AbstractRemoteTestNG.run(AbstractRemoteTestNG.java:115)
at org.testng.remote.RemoteTestNG.initAndRun(RemoteTestNG.java:251)
at org.testng.remote.RemoteTestNG.main(RemoteTestNG.java:77)
]]>
            </full-stacktrace>
          </exception> <!-- java.lang.AssertionError -->
          <reporter-output>
          </reporter-output>
        </test-method> <!-- validateAppTitle -->
        <test-method status="PASS" signature="teardown()[pri:0, instance:academy.validateTitle@131ef10]" name="teardown" is-config="true" duration-ms="154" started-at="2019-08-30T05:49:51 EDT" finished-at="2019-08-30T05:49:51 EDT">
          <reporter-output>
          </reporter-output>
        </test-method> <!-- teardown -->
      </class> <!-- academy.validateTitle -->
    </test> <!-- Validating Title -->
  </suite> <!-- Suite -->
</testng-results>
